<?xml version="1.0" encoding="UTF-8"?>
<testsuite xmlns:xsi="http://www.w3.org/2001/XMLSchema-instance" xsi:noNamespaceSchemaLocation="https://maven.apache.org/surefire/maven-surefire-plugin/xsd/surefire-test-report-3.0.xsd" version="3.0" name="TestSuite" time="89.091" tests="3" errors="0" skipped="1" failures="2">
  <properties>
    <property name="java.specification.version" value="18"/>
    <property name="webdriver.chrome.driver" value="/Users/dineshchandgeetharavichandran/.cache/selenium/chromedriver/mac64/125.0.6422.141/chromedriver"/>
    <property name="sun.jnu.encoding" value="UTF-8"/>
    <property name="java.class.path" value="/Users/dineshchandgeetharavichandran/Desktop/Dinesh/Selenium-Framework/SeleniumFrameworkDesign/target/test-classes:/Users/dineshchandgeetharavichandran/Desktop/Dinesh/Selenium-Framework/SeleniumFrameworkDesign/target/classes:/Users/dineshchandgeetharavichandran/.m2/repository/org/seleniumhq/selenium/selenium-java/4.8.2/selenium-java-4.8.2.jar:/Users/dineshchandgeetharavichandran/.m2/repository/org/seleniumhq/selenium/selenium-api/4.8.2/selenium-api-4.8.2.jar:/Users/dineshchandgeetharavichandran/.m2/repository/org/seleniumhq/selenium/selenium-chrome-driver/4.8.2/selenium-chrome-driver-4.8.2.jar:/Users/dineshchandgeetharavichandran/.m2/repository/com/google/guava/guava/31.1-jre/guava-31.1-jre.jar:/Users/dineshchandgeetharavichandran/.m2/repository/com/google/guava/failureaccess/1.0.1/failureaccess-1.0.1.jar:/Users/dineshchandgeetharavichandran/.m2/repository/com/google/guava/listenablefuture/9999.0-empty-to-avoid-conflict-with-guava/listenablefuture-9999.0-empty-to-avoid-conflict-with-guava.jar:/Users/dineshchandgeetharavichandran/.m2/repository/com/google/code/findbugs/jsr305/3.0.2/jsr305-3.0.2.jar:/Users/dineshchandgeetharavichandran/.m2/repository/org/checkerframework/checker-qual/3.12.0/checker-qual-3.12.0.jar:/Users/dineshchandgeetharavichandran/.m2/repository/com/google/errorprone/error_prone_annotations/2.11.0/error_prone_annotations-2.11.0.jar:/Users/dineshchandgeetharavichandran/.m2/repository/com/google/j2objc/j2objc-annotations/1.3/j2objc-annotations-1.3.jar:/Users/dineshchandgeetharavichandran/.m2/repository/org/seleniumhq/selenium/selenium-chromium-driver/4.8.2/selenium-chromium-driver-4.8.2.jar:/Users/dineshchandgeetharavichandran/.m2/repository/org/seleniumhq/selenium/selenium-json/4.8.2/selenium-json-4.8.2.jar:/Users/dineshchandgeetharavichandran/.m2/repository/org/seleniumhq/selenium/selenium-manager/4.8.2/selenium-manager-4.8.2.jar:/Users/dineshchandgeetharavichandran/.m2/repository/org/seleniumhq/selenium/selenium-devtools-v109/4.8.2/selenium-devtools-v109-4.8.2.jar:/Users/dineshchandgeetharavichandran/.m2/repository/org/seleniumhq/selenium/selenium-devtools-v110/4.8.2/selenium-devtools-v110-4.8.2.jar:/Users/dineshchandgeetharavichandran/.m2/repository/org/seleniumhq/selenium/selenium-devtools-v111/4.8.2/selenium-devtools-v111-4.8.2.jar:/Users/dineshchandgeetharavichandran/.m2/repository/org/seleniumhq/selenium/selenium-devtools-v85/4.8.2/selenium-devtools-v85-4.8.2.jar:/Users/dineshchandgeetharavichandran/.m2/repository/org/seleniumhq/selenium/selenium-edge-driver/4.8.2/selenium-edge-driver-4.8.2.jar:/Users/dineshchandgeetharavichandran/.m2/repository/org/seleniumhq/selenium/selenium-firefox-driver/4.8.2/selenium-firefox-driver-4.8.2.jar:/Users/dineshchandgeetharavichandran/.m2/repository/org/seleniumhq/selenium/selenium-ie-driver/4.8.2/selenium-ie-driver-4.8.2.jar:/Users/dineshchandgeetharavichandran/.m2/repository/org/seleniumhq/selenium/selenium-remote-driver/4.8.2/selenium-remote-driver-4.8.2.jar:/Users/dineshchandgeetharavichandran/.m2/repository/io/netty/netty-buffer/4.1.90.Final/netty-buffer-4.1.90.Final.jar:/Users/dineshchandgeetharavichandran/.m2/repository/io/netty/netty-codec-http/4.1.90.Final/netty-codec-http-4.1.90.Final.jar:/Users/dineshchandgeetharavichandran/.m2/repository/io/netty/netty-codec/4.1.90.Final/netty-codec-4.1.90.Final.jar:/Users/dineshchandgeetharavichandran/.m2/repository/io/netty/netty-handler/4.1.90.Final/netty-handler-4.1.90.Final.jar:/Users/dineshchandgeetharavichandran/.m2/repository/io/netty/netty-common/4.1.90.Final/netty-common-4.1.90.Final.jar:/Users/dineshchandgeetharavichandran/.m2/repository/io/netty/netty-transport-classes-epoll/4.1.90.Final/netty-transport-classes-epoll-4.1.90.Final.jar:/Users/dineshchandgeetharavichandran/.m2/repository/io/netty/netty-transport-classes-kqueue/4.1.90.Final/netty-transport-classes-kqueue-4.1.90.Final.jar:/Users/dineshchandgeetharavichandran/.m2/repository/io/netty/netty-transport-native-epoll/4.1.90.Final/netty-transport-native-epoll-4.1.90.Final.jar:/Users/dineshchandgeetharavichandran/.m2/repository/io/netty/netty-transport-native-kqueue/4.1.90.Final/netty-transport-native-kqueue-4.1.90.Final.jar:/Users/dineshchandgeetharavichandran/.m2/repository/io/netty/netty-transport-native-unix-common/4.1.90.Final/netty-transport-native-unix-common-4.1.90.Final.jar:/Users/dineshchandgeetharavichandran/.m2/repository/io/netty/netty-transport/4.1.90.Final/netty-transport-4.1.90.Final.jar:/Users/dineshchandgeetharavichandran/.m2/repository/io/netty/netty-resolver/4.1.90.Final/netty-resolver-4.1.90.Final.jar:/Users/dineshchandgeetharavichandran/.m2/repository/io/opentelemetry/opentelemetry-api/1.24.0/opentelemetry-api-1.24.0.jar:/Users/dineshchandgeetharavichandran/.m2/repository/io/opentelemetry/opentelemetry-context/1.24.0/opentelemetry-context-1.24.0.jar:/Users/dineshchandgeetharavichandran/.m2/repository/io/opentelemetry/opentelemetry-exporter-logging/1.24.0/opentelemetry-exporter-logging-1.24.0.jar:/Users/dineshchandgeetharavichandran/.m2/repository/io/opentelemetry/opentelemetry-sdk-metrics/1.24.0/opentelemetry-sdk-metrics-1.24.0.jar:/Users/dineshchandgeetharavichandran/.m2/repository/io/opentelemetry/opentelemetry-sdk-logs/1.24.0-alpha/opentelemetry-sdk-logs-1.24.0-alpha.jar:/Users/dineshchandgeetharavichandran/.m2/repository/io/opentelemetry/opentelemetry-api-logs/1.24.0-alpha/opentelemetry-api-logs-1.24.0-alpha.jar:/Users/dineshchandgeetharavichandran/.m2/repository/io/opentelemetry/opentelemetry-api-events/1.24.0-alpha/opentelemetry-api-events-1.24.0-alpha.jar:/Users/dineshchandgeetharavichandran/.m2/repository/io/opentelemetry/opentelemetry-sdk-common/1.24.0/opentelemetry-sdk-common-1.24.0.jar:/Users/dineshchandgeetharavichandran/.m2/repository/io/opentelemetry/opentelemetry-sdk-extension-autoconfigure-spi/1.24.0/opentelemetry-sdk-extension-autoconfigure-spi-1.24.0.jar:/Users/dineshchandgeetharavichandran/.m2/repository/io/opentelemetry/opentelemetry-sdk-extension-autoconfigure/1.24.0-alpha/opentelemetry-sdk-extension-autoconfigure-1.24.0-alpha.jar:/Users/dineshchandgeetharavichandran/.m2/repository/io/opentelemetry/opentelemetry-sdk-trace/1.24.0/opentelemetry-sdk-trace-1.24.0.jar:/Users/dineshchandgeetharavichandran/.m2/repository/io/opentelemetry/opentelemetry-sdk/1.24.0/opentelemetry-sdk-1.24.0.jar:/Users/dineshchandgeetharavichandran/.m2/repository/io/opentelemetry/opentelemetry-semconv/1.24.0-alpha/opentelemetry-semconv-1.24.0-alpha.jar:/Users/dineshchandgeetharavichandran/.m2/repository/io/ous/jtoml/2.0.0/jtoml-2.0.0.jar:/Users/dineshchandgeetharavichandran/.m2/repository/net/bytebuddy/byte-buddy/1.14.2/byte-buddy-1.14.2.jar:/Users/dineshchandgeetharavichandran/.m2/repository/org/apache/commons/commons-exec/1.3/commons-exec-1.3.jar:/Users/dineshchandgeetharavichandran/.m2/repository/org/asynchttpclient/async-http-client/2.12.3/async-http-client-2.12.3.jar:/Users/dineshchandgeetharavichandran/.m2/repository/org/asynchttpclient/async-http-client-netty-utils/2.12.3/async-http-client-netty-utils-2.12.3.jar:/Users/dineshchandgeetharavichandran/.m2/repository/io/netty/netty-codec-socks/4.1.60.Final/netty-codec-socks-4.1.60.Final.jar:/Users/dineshchandgeetharavichandran/.m2/repository/io/netty/netty-handler-proxy/4.1.60.Final/netty-handler-proxy-4.1.60.Final.jar:/Users/dineshchandgeetharavichandran/.m2/repository/io/netty/netty-transport-native-epoll/4.1.60.Final/netty-transport-native-epoll-4.1.60.Final-linux-x86_64.jar:/Users/dineshchandgeetharavichandran/.m2/repository/io/netty/netty-transport-native-kqueue/4.1.60.Final/netty-transport-native-kqueue-4.1.60.Final-osx-x86_64.jar:/Users/dineshchandgeetharavichandran/.m2/repository/com/typesafe/netty/netty-reactive-streams/2.0.4/netty-reactive-streams-2.0.4.jar:/Users/dineshchandgeetharavichandran/.m2/repository/com/sun/activation/jakarta.activation/1.2.2/jakarta.activation-1.2.2.jar:/Users/dineshchandgeetharavichandran/.m2/repository/org/seleniumhq/selenium/selenium-safari-driver/4.8.2/selenium-safari-driver-4.8.2.jar:/Users/dineshchandgeetharavichandran/.m2/repository/org/seleniumhq/selenium/selenium-support/4.8.2/selenium-support-4.8.2.jar:/Users/dineshchandgeetharavichandran/.m2/repository/org/seleniumhq/selenium/selenium-http-jdk-client/4.8.1/selenium-http-jdk-client-4.8.1.jar:/Users/dineshchandgeetharavichandran/.m2/repository/com/google/auto/service/auto-service-annotations/1.0.1/auto-service-annotations-1.0.1.jar:/Users/dineshchandgeetharavichandran/.m2/repository/com/google/auto/service/auto-service/1.0.1/auto-service-1.0.1.jar:/Users/dineshchandgeetharavichandran/.m2/repository/com/google/auto/auto-common/1.2/auto-common-1.2.jar:/Users/dineshchandgeetharavichandran/.m2/repository/org/seleniumhq/selenium/selenium-http/4.8.1/selenium-http-4.8.1.jar:/Users/dineshchandgeetharavichandran/.m2/repository/dev/failsafe/failsafe/3.3.0/failsafe-3.3.0.jar:/Users/dineshchandgeetharavichandran/.m2/repository/io/cucumber/cucumber-java/7.5.0/cucumber-java-7.5.0.jar:/Users/dineshchandgeetharavichandran/.m2/repository/io/cucumber/cucumber-core/7.5.0/cucumber-core-7.5.0.jar:/Users/dineshchandgeetharavichandran/.m2/repository/io/cucumber/cucumber-gherkin/7.5.0/cucumber-gherkin-7.5.0.jar:/Users/dineshchandgeetharavichandran/.m2/repository/io/cucumber/cucumber-gherkin-messages/7.5.0/cucumber-gherkin-messages-7.5.0.jar:/Users/dineshchandgeetharavichandran/.m2/repository/io/cucumber/gherkin/23.0.1/gherkin-23.0.1.jar:/Users/dineshchandgeetharavichandran/.m2/repository/io/cucumber/messages/18.0.0/messages-18.0.0.jar:/Users/dineshchandgeetharavichandran/.m2/repository/io/cucumber/tag-expressions/4.1.0/tag-expressions-4.1.0.jar:/Users/dineshchandgeetharavichandran/.m2/repository/io/cucumber/cucumber-expressions/16.0.0/cucumber-expressions-16.0.0.jar:/Users/dineshchandgeetharavichandran/.m2/repository/io/cucumber/datatable/7.5.0/datatable-7.5.0.jar:/Users/dineshchandgeetharavichandran/.m2/repository/io/cucumber/cucumber-plugin/7.5.0/cucumber-plugin-7.5.0.jar:/Users/dineshchandgeetharavichandran/.m2/repository/io/cucumber/docstring/7.5.0/docstring-7.5.0.jar:/Users/dineshchandgeetharavichandran/.m2/repository/io/cucumber/html-formatter/19.2.0/html-formatter-19.2.0.jar:/Users/dineshchandgeetharavichandran/.m2/repository/io/cucumber/ci-environment/9.1.0/ci-environment-9.1.0.jar:/Users/dineshchandgeetharavichandran/.m2/repository/org/apiguardian/apiguardian-api/1.1.2/apiguardian-api-1.1.2.jar:/Users/dineshchandgeetharavichandran/.m2/repository/org/projectlombok/lombok/1.18.28/lombok-1.18.28.jar:/Users/dineshchandgeetharavichandran/.m2/repository/io/cucumber/cucumber-testng/7.5.0/cucumber-testng-7.5.0.jar:/Users/dineshchandgeetharavichandran/.m2/repository/com/aventstack/extentreports/5.0.9/extentreports-5.0.9.jar:/Users/dineshchandgeetharavichandran/.m2/repository/io/reactivex/rxjava3/rxjava/3.0.4/rxjava-3.0.4.jar:/Users/dineshchandgeetharavichandran/.m2/repository/org/reactivestreams/reactive-streams/1.0.3/reactive-streams-1.0.3.jar:/Users/dineshchandgeetharavichandran/.m2/repository/org/freemarker/freemarker/2.3.30/freemarker-2.3.30.jar:/Users/dineshchandgeetharavichandran/.m2/repository/com/google/code/gson/gson/2.8.6/gson-2.8.6.jar:/Users/dineshchandgeetharavichandran/.m2/repository/org/testng/testng/6.14.3/testng-6.14.3.jar:/Users/dineshchandgeetharavichandran/.m2/repository/com/beust/jcommander/1.72/jcommander-1.72.jar:/Users/dineshchandgeetharavichandran/.m2/repository/org/apache-extras/beanshell/bsh/2.0b6/bsh-2.0b6.jar:/Users/dineshchandgeetharavichandran/.m2/repository/com/fasterxml/jackson/core/jackson-databind/2.13.3/jackson-databind-2.13.3.jar:/Users/dineshchandgeetharavichandran/.m2/repository/com/fasterxml/jackson/core/jackson-annotations/2.13.3/jackson-annotations-2.13.3.jar:/Users/dineshchandgeetharavichandran/.m2/repository/com/fasterxml/jackson/core/jackson-core/2.13.3/jackson-core-2.13.3.jar:/Users/dineshchandgeetharavichandran/.m2/repository/io/github/bonigarcia/webdrivermanager/5.1.1/webdrivermanager-5.1.1.jar:/Users/dineshchandgeetharavichandran/.m2/repository/org/slf4j/slf4j-api/1.7.36/slf4j-api-1.7.36.jar:/Users/dineshchandgeetharavichandran/.m2/repository/com/github/docker-java/docker-java/3.2.13/docker-java-3.2.13.jar:/Users/dineshchandgeetharavichandran/.m2/repository/com/github/docker-java/docker-java-core/3.2.13/docker-java-core-3.2.13.jar:/Users/dineshchandgeetharavichandran/.m2/repository/com/github/docker-java/docker-java-api/3.2.13/docker-java-api-3.2.13.jar:/Users/dineshchandgeetharavichandran/.m2/repository/commons-io/commons-io/2.6/commons-io-2.6.jar:/Users/dineshchandgeetharavichandran/.m2/repository/org/apache/commons/commons-compress/1.21/commons-compress-1.21.jar:/Users/dineshchandgeetharavichandran/.m2/repository/org/bouncycastle/bcpkix-jdk15on/1.64/bcpkix-jdk15on-1.64.jar:/Users/dineshchandgeetharavichandran/.m2/repository/org/bouncycastle/bcprov-jdk15on/1.64/bcprov-jdk15on-1.64.jar:/Users/dineshchandgeetharavichandran/.m2/repository/org/slf4j/jcl-over-slf4j/1.7.30/jcl-over-slf4j-1.7.30.jar:/Users/dineshchandgeetharavichandran/.m2/repository/com/github/docker-java/docker-java-transport-httpclient5/3.2.13/docker-java-transport-httpclient5-3.2.13.jar:/Users/dineshchandgeetharavichandran/.m2/repository/com/github/docker-java/docker-java-transport/3.2.13/docker-java-transport-3.2.13.jar:/Users/dineshchandgeetharavichandran/.m2/repository/net/java/dev/jna/jna/5.8.0/jna-5.8.0.jar:/Users/dineshchandgeetharavichandran/.m2/repository/org/brotli/dec/0.1.2/dec-0.1.2.jar:/Users/dineshchandgeetharavichandran/.m2/repository/org/apache/commons/commons-lang3/3.12.0/commons-lang3-3.12.0.jar:/Users/dineshchandgeetharavichandran/.m2/repository/org/apache/httpcomponents/client5/httpclient5/5.1.3/httpclient5-5.1.3.jar:/Users/dineshchandgeetharavichandran/.m2/repository/org/apache/httpcomponents/core5/httpcore5/5.1.3/httpcore5-5.1.3.jar:/Users/dineshchandgeetharavichandran/.m2/repository/org/apache/httpcomponents/core5/httpcore5-h2/5.1.3/httpcore5-h2-5.1.3.jar:/Users/dineshchandgeetharavichandran/.m2/repository/commons-codec/commons-codec/1.15/commons-codec-1.15.jar:"/>
    <property name="java.vm.vendor" value="Homebrew"/>
    <property name="sun.arch.data.model" value="64"/>
    <property name="java.vendor.url" value="https://github.com/Homebrew/homebrew-core/issues"/>
    <property name="user.timezone" value="Asia/Singapore"/>
    <property name="os.name" value="Mac OS X"/>
    <property name="java.vm.specification.version" value="18"/>
    <property name="sun.java.launcher" value="SUN_STANDARD"/>
    <property name="user.country" value="001"/>
    <property name="sun.boot.library.path" value="/usr/local/Cellar/openjdk/18.0.1.1/libexec/openjdk.jdk/Contents/Home/lib"/>
    <property name="sun.java.command" value="/Users/dineshchandgeetharavichandran/Desktop/Dinesh/Selenium-Framework/SeleniumFrameworkDesign/target/surefire/surefirebooter10377045234500058106.jar /Users/dineshchandgeetharavichandran/Desktop/Dinesh/Selenium-Framework/SeleniumFrameworkDesign/target/surefire 2024-06-17T01-40-06_035-jvmRun1 surefire7515567724315233890tmp surefire_05524682825463706176tmp"/>
    <property name="http.nonProxyHosts" value="local|*.local|169.254/16|*.169.254/16"/>
    <property name="jdk.debug" value="release"/>
    <property name="surefire.test.class.path" value="/Users/dineshchandgeetharavichandran/Desktop/Dinesh/Selenium-Framework/SeleniumFrameworkDesign/target/test-classes:/Users/dineshchandgeetharavichandran/Desktop/Dinesh/Selenium-Framework/SeleniumFrameworkDesign/target/classes:/Users/dineshchandgeetharavichandran/.m2/repository/org/seleniumhq/selenium/selenium-java/4.8.2/selenium-java-4.8.2.jar:/Users/dineshchandgeetharavichandran/.m2/repository/org/seleniumhq/selenium/selenium-api/4.8.2/selenium-api-4.8.2.jar:/Users/dineshchandgeetharavichandran/.m2/repository/org/seleniumhq/selenium/selenium-chrome-driver/4.8.2/selenium-chrome-driver-4.8.2.jar:/Users/dineshchandgeetharavichandran/.m2/repository/com/google/guava/guava/31.1-jre/guava-31.1-jre.jar:/Users/dineshchandgeetharavichandran/.m2/repository/com/google/guava/failureaccess/1.0.1/failureaccess-1.0.1.jar:/Users/dineshchandgeetharavichandran/.m2/repository/com/google/guava/listenablefuture/9999.0-empty-to-avoid-conflict-with-guava/listenablefuture-9999.0-empty-to-avoid-conflict-with-guava.jar:/Users/dineshchandgeetharavichandran/.m2/repository/com/google/code/findbugs/jsr305/3.0.2/jsr305-3.0.2.jar:/Users/dineshchandgeetharavichandran/.m2/repository/org/checkerframework/checker-qual/3.12.0/checker-qual-3.12.0.jar:/Users/dineshchandgeetharavichandran/.m2/repository/com/google/errorprone/error_prone_annotations/2.11.0/error_prone_annotations-2.11.0.jar:/Users/dineshchandgeetharavichandran/.m2/repository/com/google/j2objc/j2objc-annotations/1.3/j2objc-annotations-1.3.jar:/Users/dineshchandgeetharavichandran/.m2/repository/org/seleniumhq/selenium/selenium-chromium-driver/4.8.2/selenium-chromium-driver-4.8.2.jar:/Users/dineshchandgeetharavichandran/.m2/repository/org/seleniumhq/selenium/selenium-json/4.8.2/selenium-json-4.8.2.jar:/Users/dineshchandgeetharavichandran/.m2/repository/org/seleniumhq/selenium/selenium-manager/4.8.2/selenium-manager-4.8.2.jar:/Users/dineshchandgeetharavichandran/.m2/repository/org/seleniumhq/selenium/selenium-devtools-v109/4.8.2/selenium-devtools-v109-4.8.2.jar:/Users/dineshchandgeetharavichandran/.m2/repository/org/seleniumhq/selenium/selenium-devtools-v110/4.8.2/selenium-devtools-v110-4.8.2.jar:/Users/dineshchandgeetharavichandran/.m2/repository/org/seleniumhq/selenium/selenium-devtools-v111/4.8.2/selenium-devtools-v111-4.8.2.jar:/Users/dineshchandgeetharavichandran/.m2/repository/org/seleniumhq/selenium/selenium-devtools-v85/4.8.2/selenium-devtools-v85-4.8.2.jar:/Users/dineshchandgeetharavichandran/.m2/repository/org/seleniumhq/selenium/selenium-edge-driver/4.8.2/selenium-edge-driver-4.8.2.jar:/Users/dineshchandgeetharavichandran/.m2/repository/org/seleniumhq/selenium/selenium-firefox-driver/4.8.2/selenium-firefox-driver-4.8.2.jar:/Users/dineshchandgeetharavichandran/.m2/repository/org/seleniumhq/selenium/selenium-ie-driver/4.8.2/selenium-ie-driver-4.8.2.jar:/Users/dineshchandgeetharavichandran/.m2/repository/org/seleniumhq/selenium/selenium-remote-driver/4.8.2/selenium-remote-driver-4.8.2.jar:/Users/dineshchandgeetharavichandran/.m2/repository/io/netty/netty-buffer/4.1.90.Final/netty-buffer-4.1.90.Final.jar:/Users/dineshchandgeetharavichandran/.m2/repository/io/netty/netty-codec-http/4.1.90.Final/netty-codec-http-4.1.90.Final.jar:/Users/dineshchandgeetharavichandran/.m2/repository/io/netty/netty-codec/4.1.90.Final/netty-codec-4.1.90.Final.jar:/Users/dineshchandgeetharavichandran/.m2/repository/io/netty/netty-handler/4.1.90.Final/netty-handler-4.1.90.Final.jar:/Users/dineshchandgeetharavichandran/.m2/repository/io/netty/netty-common/4.1.90.Final/netty-common-4.1.90.Final.jar:/Users/dineshchandgeetharavichandran/.m2/repository/io/netty/netty-transport-classes-epoll/4.1.90.Final/netty-transport-classes-epoll-4.1.90.Final.jar:/Users/dineshchandgeetharavichandran/.m2/repository/io/netty/netty-transport-classes-kqueue/4.1.90.Final/netty-transport-classes-kqueue-4.1.90.Final.jar:/Users/dineshchandgeetharavichandran/.m2/repository/io/netty/netty-transport-native-epoll/4.1.90.Final/netty-transport-native-epoll-4.1.90.Final.jar:/Users/dineshchandgeetharavichandran/.m2/repository/io/netty/netty-transport-native-kqueue/4.1.90.Final/netty-transport-native-kqueue-4.1.90.Final.jar:/Users/dineshchandgeetharavichandran/.m2/repository/io/netty/netty-transport-native-unix-common/4.1.90.Final/netty-transport-native-unix-common-4.1.90.Final.jar:/Users/dineshchandgeetharavichandran/.m2/repository/io/netty/netty-transport/4.1.90.Final/netty-transport-4.1.90.Final.jar:/Users/dineshchandgeetharavichandran/.m2/repository/io/netty/netty-resolver/4.1.90.Final/netty-resolver-4.1.90.Final.jar:/Users/dineshchandgeetharavichandran/.m2/repository/io/opentelemetry/opentelemetry-api/1.24.0/opentelemetry-api-1.24.0.jar:/Users/dineshchandgeetharavichandran/.m2/repository/io/opentelemetry/opentelemetry-context/1.24.0/opentelemetry-context-1.24.0.jar:/Users/dineshchandgeetharavichandran/.m2/repository/io/opentelemetry/opentelemetry-exporter-logging/1.24.0/opentelemetry-exporter-logging-1.24.0.jar:/Users/dineshchandgeetharavichandran/.m2/repository/io/opentelemetry/opentelemetry-sdk-metrics/1.24.0/opentelemetry-sdk-metrics-1.24.0.jar:/Users/dineshchandgeetharavichandran/.m2/repository/io/opentelemetry/opentelemetry-sdk-logs/1.24.0-alpha/opentelemetry-sdk-logs-1.24.0-alpha.jar:/Users/dineshchandgeetharavichandran/.m2/repository/io/opentelemetry/opentelemetry-api-logs/1.24.0-alpha/opentelemetry-api-logs-1.24.0-alpha.jar:/Users/dineshchandgeetharavichandran/.m2/repository/io/opentelemetry/opentelemetry-api-events/1.24.0-alpha/opentelemetry-api-events-1.24.0-alpha.jar:/Users/dineshchandgeetharavichandran/.m2/repository/io/opentelemetry/opentelemetry-sdk-common/1.24.0/opentelemetry-sdk-common-1.24.0.jar:/Users/dineshchandgeetharavichandran/.m2/repository/io/opentelemetry/opentelemetry-sdk-extension-autoconfigure-spi/1.24.0/opentelemetry-sdk-extension-autoconfigure-spi-1.24.0.jar:/Users/dineshchandgeetharavichandran/.m2/repository/io/opentelemetry/opentelemetry-sdk-extension-autoconfigure/1.24.0-alpha/opentelemetry-sdk-extension-autoconfigure-1.24.0-alpha.jar:/Users/dineshchandgeetharavichandran/.m2/repository/io/opentelemetry/opentelemetry-sdk-trace/1.24.0/opentelemetry-sdk-trace-1.24.0.jar:/Users/dineshchandgeetharavichandran/.m2/repository/io/opentelemetry/opentelemetry-sdk/1.24.0/opentelemetry-sdk-1.24.0.jar:/Users/dineshchandgeetharavichandran/.m2/repository/io/opentelemetry/opentelemetry-semconv/1.24.0-alpha/opentelemetry-semconv-1.24.0-alpha.jar:/Users/dineshchandgeetharavichandran/.m2/repository/io/ous/jtoml/2.0.0/jtoml-2.0.0.jar:/Users/dineshchandgeetharavichandran/.m2/repository/net/bytebuddy/byte-buddy/1.14.2/byte-buddy-1.14.2.jar:/Users/dineshchandgeetharavichandran/.m2/repository/org/apache/commons/commons-exec/1.3/commons-exec-1.3.jar:/Users/dineshchandgeetharavichandran/.m2/repository/org/asynchttpclient/async-http-client/2.12.3/async-http-client-2.12.3.jar:/Users/dineshchandgeetharavichandran/.m2/repository/org/asynchttpclient/async-http-client-netty-utils/2.12.3/async-http-client-netty-utils-2.12.3.jar:/Users/dineshchandgeetharavichandran/.m2/repository/io/netty/netty-codec-socks/4.1.60.Final/netty-codec-socks-4.1.60.Final.jar:/Users/dineshchandgeetharavichandran/.m2/repository/io/netty/netty-handler-proxy/4.1.60.Final/netty-handler-proxy-4.1.60.Final.jar:/Users/dineshchandgeetharavichandran/.m2/repository/io/netty/netty-transport-native-epoll/4.1.60.Final/netty-transport-native-epoll-4.1.60.Final-linux-x86_64.jar:/Users/dineshchandgeetharavichandran/.m2/repository/io/netty/netty-transport-native-kqueue/4.1.60.Final/netty-transport-native-kqueue-4.1.60.Final-osx-x86_64.jar:/Users/dineshchandgeetharavichandran/.m2/repository/com/typesafe/netty/netty-reactive-streams/2.0.4/netty-reactive-streams-2.0.4.jar:/Users/dineshchandgeetharavichandran/.m2/repository/com/sun/activation/jakarta.activation/1.2.2/jakarta.activation-1.2.2.jar:/Users/dineshchandgeetharavichandran/.m2/repository/org/seleniumhq/selenium/selenium-safari-driver/4.8.2/selenium-safari-driver-4.8.2.jar:/Users/dineshchandgeetharavichandran/.m2/repository/org/seleniumhq/selenium/selenium-support/4.8.2/selenium-support-4.8.2.jar:/Users/dineshchandgeetharavichandran/.m2/repository/org/seleniumhq/selenium/selenium-http-jdk-client/4.8.1/selenium-http-jdk-client-4.8.1.jar:/Users/dineshchandgeetharavichandran/.m2/repository/com/google/auto/service/auto-service-annotations/1.0.1/auto-service-annotations-1.0.1.jar:/Users/dineshchandgeetharavichandran/.m2/repository/com/google/auto/service/auto-service/1.0.1/auto-service-1.0.1.jar:/Users/dineshchandgeetharavichandran/.m2/repository/com/google/auto/auto-common/1.2/auto-common-1.2.jar:/Users/dineshchandgeetharavichandran/.m2/repository/org/seleniumhq/selenium/selenium-http/4.8.1/selenium-http-4.8.1.jar:/Users/dineshchandgeetharavichandran/.m2/repository/dev/failsafe/failsafe/3.3.0/failsafe-3.3.0.jar:/Users/dineshchandgeetharavichandran/.m2/repository/io/cucumber/cucumber-java/7.5.0/cucumber-java-7.5.0.jar:/Users/dineshchandgeetharavichandran/.m2/repository/io/cucumber/cucumber-core/7.5.0/cucumber-core-7.5.0.jar:/Users/dineshchandgeetharavichandran/.m2/repository/io/cucumber/cucumber-gherkin/7.5.0/cucumber-gherkin-7.5.0.jar:/Users/dineshchandgeetharavichandran/.m2/repository/io/cucumber/cucumber-gherkin-messages/7.5.0/cucumber-gherkin-messages-7.5.0.jar:/Users/dineshchandgeetharavichandran/.m2/repository/io/cucumber/gherkin/23.0.1/gherkin-23.0.1.jar:/Users/dineshchandgeetharavichandran/.m2/repository/io/cucumber/messages/18.0.0/messages-18.0.0.jar:/Users/dineshchandgeetharavichandran/.m2/repository/io/cucumber/tag-expressions/4.1.0/tag-expressions-4.1.0.jar:/Users/dineshchandgeetharavichandran/.m2/repository/io/cucumber/cucumber-expressions/16.0.0/cucumber-expressions-16.0.0.jar:/Users/dineshchandgeetharavichandran/.m2/repository/io/cucumber/datatable/7.5.0/datatable-7.5.0.jar:/Users/dineshchandgeetharavichandran/.m2/repository/io/cucumber/cucumber-plugin/7.5.0/cucumber-plugin-7.5.0.jar:/Users/dineshchandgeetharavichandran/.m2/repository/io/cucumber/docstring/7.5.0/docstring-7.5.0.jar:/Users/dineshchandgeetharavichandran/.m2/repository/io/cucumber/html-formatter/19.2.0/html-formatter-19.2.0.jar:/Users/dineshchandgeetharavichandran/.m2/repository/io/cucumber/ci-environment/9.1.0/ci-environment-9.1.0.jar:/Users/dineshchandgeetharavichandran/.m2/repository/org/apiguardian/apiguardian-api/1.1.2/apiguardian-api-1.1.2.jar:/Users/dineshchandgeetharavichandran/.m2/repository/org/projectlombok/lombok/1.18.28/lombok-1.18.28.jar:/Users/dineshchandgeetharavichandran/.m2/repository/io/cucumber/cucumber-testng/7.5.0/cucumber-testng-7.5.0.jar:/Users/dineshchandgeetharavichandran/.m2/repository/com/aventstack/extentreports/5.0.9/extentreports-5.0.9.jar:/Users/dineshchandgeetharavichandran/.m2/repository/io/reactivex/rxjava3/rxjava/3.0.4/rxjava-3.0.4.jar:/Users/dineshchandgeetharavichandran/.m2/repository/org/reactivestreams/reactive-streams/1.0.3/reactive-streams-1.0.3.jar:/Users/dineshchandgeetharavichandran/.m2/repository/org/freemarker/freemarker/2.3.30/freemarker-2.3.30.jar:/Users/dineshchandgeetharavichandran/.m2/repository/com/google/code/gson/gson/2.8.6/gson-2.8.6.jar:/Users/dineshchandgeetharavichandran/.m2/repository/org/testng/testng/6.14.3/testng-6.14.3.jar:/Users/dineshchandgeetharavichandran/.m2/repository/com/beust/jcommander/1.72/jcommander-1.72.jar:/Users/dineshchandgeetharavichandran/.m2/repository/org/apache-extras/beanshell/bsh/2.0b6/bsh-2.0b6.jar:/Users/dineshchandgeetharavichandran/.m2/repository/com/fasterxml/jackson/core/jackson-databind/2.13.3/jackson-databind-2.13.3.jar:/Users/dineshchandgeetharavichandran/.m2/repository/com/fasterxml/jackson/core/jackson-annotations/2.13.3/jackson-annotations-2.13.3.jar:/Users/dineshchandgeetharavichandran/.m2/repository/com/fasterxml/jackson/core/jackson-core/2.13.3/jackson-core-2.13.3.jar:/Users/dineshchandgeetharavichandran/.m2/repository/io/github/bonigarcia/webdrivermanager/5.1.1/webdrivermanager-5.1.1.jar:/Users/dineshchandgeetharavichandran/.m2/repository/org/slf4j/slf4j-api/1.7.36/slf4j-api-1.7.36.jar:/Users/dineshchandgeetharavichandran/.m2/repository/com/github/docker-java/docker-java/3.2.13/docker-java-3.2.13.jar:/Users/dineshchandgeetharavichandran/.m2/repository/com/github/docker-java/docker-java-core/3.2.13/docker-java-core-3.2.13.jar:/Users/dineshchandgeetharavichandran/.m2/repository/com/github/docker-java/docker-java-api/3.2.13/docker-java-api-3.2.13.jar:/Users/dineshchandgeetharavichandran/.m2/repository/commons-io/commons-io/2.6/commons-io-2.6.jar:/Users/dineshchandgeetharavichandran/.m2/repository/org/apache/commons/commons-compress/1.21/commons-compress-1.21.jar:/Users/dineshchandgeetharavichandran/.m2/repository/org/bouncycastle/bcpkix-jdk15on/1.64/bcpkix-jdk15on-1.64.jar:/Users/dineshchandgeetharavichandran/.m2/repository/org/bouncycastle/bcprov-jdk15on/1.64/bcprov-jdk15on-1.64.jar:/Users/dineshchandgeetharavichandran/.m2/repository/org/slf4j/jcl-over-slf4j/1.7.30/jcl-over-slf4j-1.7.30.jar:/Users/dineshchandgeetharavichandran/.m2/repository/com/github/docker-java/docker-java-transport-httpclient5/3.2.13/docker-java-transport-httpclient5-3.2.13.jar:/Users/dineshchandgeetharavichandran/.m2/repository/com/github/docker-java/docker-java-transport/3.2.13/docker-java-transport-3.2.13.jar:/Users/dineshchandgeetharavichandran/.m2/repository/net/java/dev/jna/jna/5.8.0/jna-5.8.0.jar:/Users/dineshchandgeetharavichandran/.m2/repository/org/brotli/dec/0.1.2/dec-0.1.2.jar:/Users/dineshchandgeetharavichandran/.m2/repository/org/apache/commons/commons-lang3/3.12.0/commons-lang3-3.12.0.jar:/Users/dineshchandgeetharavichandran/.m2/repository/org/apache/httpcomponents/client5/httpclient5/5.1.3/httpclient5-5.1.3.jar:/Users/dineshchandgeetharavichandran/.m2/repository/org/apache/httpcomponents/core5/httpcore5/5.1.3/httpcore5-5.1.3.jar:/Users/dineshchandgeetharavichandran/.m2/repository/org/apache/httpcomponents/core5/httpcore5-h2/5.1.3/httpcore5-h2-5.1.3.jar:/Users/dineshchandgeetharavichandran/.m2/repository/commons-codec/commons-codec/1.15/commons-codec-1.15.jar:"/>
    <property name="sun.cpu.endian" value="little"/>
    <property name="user.home" value="/Users/dineshchandgeetharavichandran"/>
    <property name="user.language" value="en"/>
    <property name="java.specification.vendor" value="Oracle Corporation"/>
    <property name="java.version.date" value="2022-04-22"/>
    <property name="java.home" value="/usr/local/Cellar/openjdk/18.0.1.1/libexec/openjdk.jdk/Contents/Home"/>
    <property name="file.separator" value="/"/>
    <property name="basedir" value="/Users/dineshchandgeetharavichandran/Desktop/Dinesh/Selenium-Framework/SeleniumFrameworkDesign"/>
    <property name="java.vm.compressedOopsMode" value="Zero based"/>
    <property name="line.separator" value="&#10;"/>
    <property name="java.vm.specification.vendor" value="Oracle Corporation"/>
    <property name="java.specification.name" value="Java Platform API Specification"/>
    <property name="apple.awt.application.name" value="ForkedBooter"/>
    <property name="surefire.real.class.path" value="/Users/dineshchandgeetharavichandran/Desktop/Dinesh/Selenium-Framework/SeleniumFrameworkDesign/target/surefire/surefirebooter10377045234500058106.jar"/>
    <property name="sun.management.compiler" value="HotSpot 64-Bit Tiered Compilers"/>
    <property name="ftp.nonProxyHosts" value="local|*.local|169.254/16|*.169.254/16"/>
    <property name="java.runtime.version" value="18.0.1.1+0"/>
    <property name="user.name" value="dineshchandgeetharavichandran"/>
    <property name="path.separator" value=":"/>
    <property name="os.version" value="14.4.1"/>
    <property name="java.runtime.name" value="OpenJDK Runtime Environment"/>
    <property name="file.encoding" value="UTF-8"/>
    <property name="browser" value="chrome"/>
    <property name="java.vm.name" value="OpenJDK 64-Bit Server VM"/>
    <property name="java.vendor.version" value="Homebrew"/>
    <property name="localRepository" value="/Users/dineshchandgeetharavichandran/.m2/repository"/>
    <property name="java.vendor.url.bug" value="https://github.com/Homebrew/homebrew-core/issues"/>
    <property name="java.io.tmpdir" value="/var/folders/8_/wfp348kn2dq3bn994w75sqrm0000gp/T/"/>
    <property name="java.version" value="18.0.1.1"/>
    <property name="user.dir" value="/Users/dineshchandgeetharavichandran/Desktop/Dinesh/Selenium-Framework/SeleniumFrameworkDesign"/>
    <property name="os.arch" value="x86_64"/>
    <property name="java.vm.specification.name" value="Java Virtual Machine Specification"/>
    <property name="native.encoding" value="UTF-8"/>
    <property name="java.library.path" value="/Users/dineshchandgeetharavichandran/Library/Java/Extensions:/Library/Java/Extensions:/Network/Library/Java/Extensions:/System/Library/Java/Extensions:/usr/lib/java:."/>
    <property name="java.vm.info" value="mixed mode, sharing"/>
    <property name="java.vendor" value="Homebrew"/>
    <property name="java.vm.version" value="18.0.1.1+0"/>
    <property name="sun.io.unicode.encoding" value="UnicodeBig"/>
    <property name="socksNonProxyHosts" value="local|*.local|169.254/16|*.169.254/16"/>
    <property name="java.class.version" value="62.0"/>
  </properties>
  <testcase name="LoginErrorValidation" classname="tests.ErrorValidationsTest" time="5.811">
    <failure message="expected [Incorrect email or password.] but found [Incorrec email or password.]" type="java.lang.AssertionError"><![CDATA[java.lang.AssertionError: expected [Incorrect email or password.] but found [Incorrec email or password.]
	at org.testng.Assert.fail(Assert.java:96)
	at org.testng.Assert.failNotEquals(Assert.java:776)
	at org.testng.Assert.assertEqualsImpl(Assert.java:137)
	at org.testng.Assert.assertEquals(Assert.java:118)
	at org.testng.Assert.assertEquals(Assert.java:453)
	at org.testng.Assert.assertEquals(Assert.java:463)
	at tests.ErrorValidationsTest.LoginErrorValidation(ErrorValidationsTest.java:23)
	at java.base/jdk.internal.reflect.DirectMethodHandleAccessor.invoke(DirectMethodHandleAccessor.java:104)
	at java.base/java.lang.reflect.Method.invoke(Method.java:577)
	at org.testng.internal.MethodInvocationHelper.invokeMethod(MethodInvocationHelper.java:124)
	at org.testng.internal.Invoker.invokeMethod(Invoker.java:583)
	at org.testng.internal.Invoker.invokeTestMethod(Invoker.java:719)
	at org.testng.internal.Invoker.invokeTestMethods(Invoker.java:989)
	at org.testng.internal.TestMethodWorker.invokeTestMethods(TestMethodWorker.java:125)
	at org.testng.internal.TestMethodWorker.run(TestMethodWorker.java:109)
	at org.testng.TestRunner.privateRun(TestRunner.java:648)
	at org.testng.TestRunner.run(TestRunner.java:505)
	at org.testng.SuiteRunner.runTest(SuiteRunner.java:455)
	at org.testng.SuiteRunner.access$000(SuiteRunner.java:40)
	at org.testng.SuiteRunner$SuiteWorker.run(SuiteRunner.java:489)
	at org.testng.internal.thread.ThreadUtil$1.call(ThreadUtil.java:52)
	at java.base/java.util.concurrent.FutureTask.run(FutureTask.java:264)
	at java.base/java.util.concurrent.ThreadPoolExecutor.runWorker(ThreadPoolExecutor.java:1136)
	at java.base/java.util.concurrent.ThreadPoolExecutor$Worker.run(ThreadPoolExecutor.java:635)
	at java.base/java.lang.Thread.run(Thread.java:833)
]]></failure>
    <system-out><![CDATA[[TestNGContentHandler] [WARN] It is strongly recommended to add "<!DOCTYPE suite SYSTEM "http://testng.org/testng-1.0.dtd" >" at the top of your file, otherwise TestNG may fail or not work as expected.
]]></system-out>
    <system-err><![CDATA[SLF4J: Failed to load class "org.slf4j.impl.StaticLoggerBinder".
SLF4J: Defaulting to no-operation (NOP) logger implementation
SLF4J: See http://www.slf4j.org/codes.html#StaticLoggerBinder for further details.
SStarttianrgt iCnhgr oCmheroDmerDirvievre r1 2152.50..06.462422.21.41 (4b11e83943712211853 4(3b4ab19e2e8930993b7012212f13850343b7a9c7219eca-r9efs/0bran9cbh0-h2e1f3a0d7s/c67419ca2-r2ef@s{#1/1b8r6a}) oncnh -porht e3a3ds045
On/ly6 local c4o22@{#1n186}) noections n port 27695
Onlare ayllow local econnecd.
Please seet https://cihornosm eadrreiv er.allochromium.org/security-considerations for suggestions on keeping wCed.
hPleraosmee sDerei vhetrt pssa:f/e/.c
hromedriver.chromium.org/security-considerations for suggestions on keeping ChromeDriver safe.
CChromeDriver was started successfully.
hromeDriver was started successfully.
Jun 17, 2024 1:40:16 AM org.openqa.selenium.devtools.CdpVersionFinder findNearestMatch
WARNING: Unable to find CDP implementation matching 125
Jun 17, 2024 1:40:16 AM org.openqa.selenium.devtools.CdpVersionFinder findNearestMatch
WARNING: Unable to find CDP implementation matching 125
Jun 17, 2024 1:40:16 AM org.openqa.selenium.chromium.ChromiumDriver lambda$new$3
WARNING: Unable to find version of CDP to use for . You may need to include a dependency on a specific version of the CDP using something similar to `org.seleniumhq.selenium:selenium-devtools-v86:4.8.2` where the version ("v86") matches the version of the chromium-based browser you're using and the version number of the artifact is the same as Selenium's.
Jun 17, 2024 1:40:16 AM org.openqa.selenium.chromium.ChromiumDriver lambda$new$3
WARNING: Unable to find version of CDP to use for . You may need to include a dependency on a specific version of the CDP using something similar to `org.seleniumhq.selenium:selenium-devtools-v86:4.8.2` where the version ("v86") matches the version of the chromium-based browser you're using and the version number of the artifact is the same as Selenium's.
]]></system-err>
  </testcase>
  <testcase name="submitOrder[{password=Password@1, product=ZARA COAT 3, email=dineshchandgr@gmail.com}](1)" classname="tests.SubmitOrderTest" time="17.021">
    <failure message="expected [true] but found [false]" type="java.lang.AssertionError"><![CDATA[java.lang.AssertionError: expected [true] but found [false]
	at org.testng.Assert.fail(Assert.java:96)
	at org.testng.Assert.failNotEquals(Assert.java:776)
	at org.testng.Assert.assertTrue(Assert.java:44)
	at org.testng.Assert.assertTrue(Assert.java:54)
	at tests.SubmitOrderTest.submitOrder(SubmitOrderTest.java:31)
	at java.base/jdk.internal.reflect.DirectMethodHandleAccessor.invoke(DirectMethodHandleAccessor.java:104)
	at java.base/java.lang.reflect.Method.invoke(Method.java:577)
	at org.testng.internal.MethodInvocationHelper.invokeMethod(MethodInvocationHelper.java:124)
	at org.testng.internal.Invoker.invokeMethod(Invoker.java:583)
	at org.testng.internal.Invoker.invokeTestMethod(Invoker.java:719)
	at org.testng.internal.Invoker.invokeTestMethods(Invoker.java:989)
	at org.testng.internal.TestMethodWorker.invokeTestMethods(TestMethodWorker.java:125)
	at org.testng.internal.TestMethodWorker.run(TestMethodWorker.java:109)
	at org.testng.TestRunner.privateRun(TestRunner.java:648)
	at org.testng.TestRunner.run(TestRunner.java:505)
	at org.testng.SuiteRunner.runTest(SuiteRunner.java:455)
	at org.testng.SuiteRunner.access$000(SuiteRunner.java:40)
	at org.testng.SuiteRunner$SuiteWorker.run(SuiteRunner.java:489)
	at org.testng.internal.thread.ThreadUtil$1.call(ThreadUtil.java:52)
	at java.base/java.util.concurrent.FutureTask.run(FutureTask.java:264)
	at java.base/java.util.concurrent.ThreadPoolExecutor.runWorker(ThreadPoolExecutor.java:1136)
	at java.base/java.util.concurrent.ThreadPoolExecutor$Worker.run(ThreadPoolExecutor.java:635)
	at java.base/java.lang.Thread.run(Thread.java:833)
]]></failure>
    <system-err><![CDATA[Starting ChromeDriver 125.0.6422.141 (4b1e83937122185343ba92e909b021f307c719ca-refs/branch-heads/6422@{#1186}) on port 7455
Only local connections are allowed.
Please see https://chromedriver.chromium.org/security-considerations for suggestions on keeping ChromeDriver safe.
ChromeDriver was started successfully.
Jun 17, 2024 1:40:36 AM org.openqa.selenium.devtools.CdpVersionFinder findNearestMatch
WARNING: Unable to find CDP implementation matching 125
Jun 17, 2024 1:40:36 AM org.openqa.selenium.chromium.ChromiumDriver lambda$new$3
WARNING: Unable to find version of CDP to use for . You may need to include a dependency on a specific version of the CDP using something similar to `org.seleniumhq.selenium:selenium-devtools-v86:4.8.2` where the version ("v86") matches the version of the chromium-based browser you're using and the version number of the artifact is the same as Selenium's.
]]></system-err>
  </testcase>
  <testcase name="OrderHistoryTest" classname="tests.SubmitOrderTest" time="0">
    <skipped message="Method SubmitOrderTest.OrderHistoryTest()[pri:0, instance:tests.SubmitOrderTest@70f02c32] depends on not successfully finished methods"/>
    <system-err><![CDATA[Starting ChromeDriver 125.0.6422.141 (4b1e83937122185343ba92e909b021f307c719ca-refs/branch-heads/6422@{#1186}) on port 8952
Only local connections are allowed.
Please see https://chromedriver.chromium.org/security-considerations for suggestions on keeping ChromeDriver safe.
ChromeDriver was started successfully.
Jun 17, 2024 1:41:04 AM org.openqa.selenium.devtools.CdpVersionFinder findNearestMatch
WARNING: Unable to find CDP implementation matching 125
Jun 17, 2024 1:41:04 AM org.openqa.selenium.chromium.ChromiumDriver lambda$new$3
WARNING: Unable to find version of CDP to use for . You may need to include a dependency on a specific version of the CDP using something similar to `org.seleniumhq.selenium:selenium-devtools-v86:4.8.2` where the version ("v86") matches the version of the chromium-based browser you're using and the version number of the artifact is the same as Selenium's.
]]></system-err>
  </testcase>
</testsuite>